<?xml version="1.0" encoding="UTF-8"?>
<!-- Generated by org.testng.reporters.JUnitReportReporter -->
<testsuite skipped="0" hostname="190249-Rashed" name="Eggsearch" tests="1" failures="0" timestamp="28 Jan 2023 12:39:26 GMT" time="20.078" errors="0">
  <testcase name="chromeTest" time="20.078" classname="Eggsearch"/>
</testsuite> <!-- Eggsearch -->
