<?xml version="1.0" encoding="UTF-8"?>
<!-- Generated by org.testng.reporters.JUnitReportReporter -->
<testsuite skipped="0" hostname="190249-Rashed" name="MultiBrowser" tests="2" failures="0" timestamp="27 Jan 2023 11:48:45 GMT" time="23.181" errors="0">
  <testcase name="test" time="15.609" classname="MultiBrowser"/>
  <testcase name="test" time="7.572" classname="MultiBrowser"/>
</testsuite> <!-- MultiBrowser -->
