<?xml version="1.0" encoding="UTF-8"?>
<!-- Generated by org.testng.reporters.JUnitReportReporter -->
<testsuite skipped="0" hostname="190249-Rashed" name="ParallelTest" tests="2" failures="0" timestamp="28 Jan 2023 12:01:30 GMT" time="48.080" errors="0">
  <testcase name="fireFoxTest" time="22.687" classname="ParallelTest"/>
  <testcase name="chromeTest" time="25.393" classname="ParallelTest"/>
</testsuite> <!-- ParallelTest -->
